/usr/bin/make -j1 O=/home/engineer/workspace/CB_BDL/buildroot/output HOSTCC="/usr/bin/gcc" HOSTCXX="/usr/bin/g++" syncconfig
make[1]: Entering directory '/home/engineer/workspace/CB_BDL/buildroot'
make[1]: Leaving directory '/home/engineer/workspace/CB_BDL/buildroot'
[7m>>>   Finalizing host directory[27m
[7m>>>   Finalizing target directory[27m
mkdir -p /home/engineer/workspace/CB_BDL/buildroot/output/host/etc/meson
sed -e 's%@TARGET_CROSS@%/home/engineer/workspace/CB_BDL/buildroot/output/host/bin/arm-buildroot-linux-uclibcgnueabihf-%g' -e 's%@TARGET_ARCH@%arm%g' -e 's%@TARGET_CPU@%cortex-a9%g' -e 's%@TARGET_ENDIAN@%little%g' -e "s%@TARGET_CFLAGS@%'-D_LARGEFILE_SOURCE', '-D_LARGEFILE64_SOURCE', '-D_FILE_OFFSET_BITS=64', '-Os'@PKG_TARGET_CFLAGS@%g" -e "s%@TARGET_LDFLAGS@%@PKG_TARGET_CFLAGS@%g" -e "s%@TARGET_CXXFLAGS@%'-D_LARGEFILE_SOURCE', '-D_LARGEFILE64_SOURCE', '-D_FILE_OFFSET_BITS=64', '-Os'@PKG_TARGET_CFLAGS@%g" -e 's%@HOST_DIR@%/home/engineer/workspace/CB_BDL/buildroot/output/host%g' -e 's%@STAGING_DIR@%/home/engineer/workspace/CB_BDL/buildroot/output/host/arm-buildroot-linux-uclibcgnueabihf/sysroot%g' -e 's%@STATIC@%false%g' package/meson//cross-compilation.conf.in > /home/engineer/workspace/CB_BDL/buildroot/output/host/etc/meson/cross-compilation.conf.in
sed -e 's%@PKG_TARGET_CFLAGS@%%g' -e 's%@PKG_TARGET_LDFLAGS@%%g' -e 's%@PKG_TARGET_CXXFLAGS@%%g' /home/engineer/workspace/CB_BDL/buildroot/output/host/etc/meson/cross-compilation.conf.in > /home/engineer/workspace/CB_BDL/buildroot/output/host/etc/meson/cross-compilation.conf
/bin/sed -i -e '/# GENERIC_SERIAL$/s~^.*#~ttyPS0::respawn:/sbin/getty -L  ttyPS0 0 vt100 #~' /home/engineer/workspace/CB_BDL/buildroot/output/target/etc/inittab
/bin/sed -i -e '/^#.*-o remount,rw \/$/s~^#\+~~' /home/engineer/workspace/CB_BDL/buildroot/output/target/etc/inittab
if grep -q CONFIG_ASH=y /home/engineer/workspace/CB_BDL/buildroot/output/build/busybox-1.32.0/.config; then grep -qsE '^/bin/ash$' /home/engineer/workspace/CB_BDL/buildroot/output/target/etc/shells || echo "/bin/ash" >> /home/engineer/workspace/CB_BDL/buildroot/output/target/etc/shells; fi
if grep -q CONFIG_HUSH=y /home/engineer/workspace/CB_BDL/buildroot/output/build/busybox-1.32.0/.config; then grep -qsE '^/bin/hush$' /home/engineer/workspace/CB_BDL/buildroot/output/target/etc/shells || echo "/bin/hush" >> /home/engineer/workspace/CB_BDL/buildroot/output/target/etc/shells; fi
mkdir -p /home/engineer/workspace/CB_BDL/buildroot/output/target/etc
echo "buildroot" > /home/engineer/workspace/CB_BDL/buildroot/output/target/etc/hostname
/bin/sed -i -e '$a \127.0.1.1\tbuildroot' -e '/^127.0.1.1/d' /home/engineer/workspace/CB_BDL/buildroot/output/target/etc/hosts
mkdir -p /home/engineer/workspace/CB_BDL/buildroot/output/target/etc
echo "Welcome to Buildroot" > /home/engineer/workspace/CB_BDL/buildroot/output/target/etc/issue
/bin/sed -i -e s,^root:[^:]*:,root::, /home/engineer/workspace/CB_BDL/buildroot/output/target/etc/shadow
grep -qsE '^/bin/sh$' /home/engineer/workspace/CB_BDL/buildroot/output/target/etc/shells || echo "/bin/sh" >> /home/engineer/workspace/CB_BDL/buildroot/output/target/etc/shells
if [ -x /home/engineer/workspace/CB_BDL/buildroot/output/target/sbin/swapon -a -x /home/engineer/workspace/CB_BDL/buildroot/output/target/sbin/swapoff ]; then /bin/sed -i -e '/^#.*\/sbin\/swap/s/^#\+[[:blank:]]*//' /home/engineer/workspace/CB_BDL/buildroot/output/target/etc/inittab; else /bin/sed -i -e '/^[^#].*\/sbin\/swap/s/^/#/' /home/engineer/workspace/CB_BDL/buildroot/output/target/etc/inittab; fi
if test -d /home/engineer/workspace/CB_BDL/buildroot/output/target/lib/modules/`MAKEFLAGS='' /usr/bin/make -j5 HOSTCC="/usr/bin/gcc -O2 -I/home/engineer/workspace/CB_BDL/buildroot/output/host/include -L/home/engineer/workspace/CB_BDL/buildroot/output/host/lib -Wl,-rpath,/home/engineer/workspace/CB_BDL/buildroot/output/host/lib" ARCH=arm INSTALL_MOD_PATH=/home/engineer/workspace/CB_BDL/buildroot/output/target CROSS_COMPILE="/home/engineer/workspace/CB_BDL/buildroot/output/host/bin/arm-buildroot-linux-uclibcgnueabihf-" DEPMOD=/home/engineer/workspace/CB_BDL/buildroot/output/host/sbin/depmod LOADADDR="0x8000" INSTALL_MOD_STRIP=1 -C /home/engineer/workspace/CB_BDL/buildroot/output/build/linux-custom --no-print-directory -s kernelrelease 2>/dev/null` && grep -q "CONFIG_MODULES=y" /home/engineer/workspace/CB_BDL/buildroot/output/build/linux-custom/.config; then /home/engineer/workspace/CB_BDL/buildroot/output/host/sbin/depmod -a -b /home/engineer/workspace/CB_BDL/buildroot/output/target `MAKEFLAGS='' /usr/bin/make -j5 HOSTCC="/usr/bin/gcc -O2 -I/home/engineer/workspace/CB_BDL/buildroot/output/host/include -L/home/engineer/workspace/CB_BDL/buildroot/output/host/lib -Wl,-rpath,/home/engineer/workspace/CB_BDL/buildroot/output/host/lib" ARCH=arm INSTALL_MOD_PATH=/home/engineer/workspace/CB_BDL/buildroot/output/target CROSS_COMPILE="/home/engineer/workspace/CB_BDL/buildroot/output/host/bin/arm-buildroot-linux-uclibcgnueabihf-" DEPMOD=/home/engineer/workspace/CB_BDL/buildroot/output/host/sbin/depmod LOADADDR="0x8000" INSTALL_MOD_STRIP=1 -C /home/engineer/workspace/CB_BDL/buildroot/output/build/linux-custom --no-print-directory -s kernelrelease 2>/dev/null`; fi
printf '%s\n' C en_US locale-archive > /home/engineer/workspace/CB_BDL/buildroot/output/build/locales.nopurge
for dir in /home/engineer/workspace/CB_BDL/buildroot/output/target/usr/share/locale /home/engineer/workspace/CB_BDL/buildroot/output/target/usr/share/X11/locale /home/engineer/workspace/CB_BDL/buildroot/output/target/usr/lib/locale; do if [ ! -d $dir ]; then continue; fi; for langdir in $dir/*; do if [ -e "${langdir}" ]; then grep -qx "${langdir##*/}" /home/engineer/workspace/CB_BDL/buildroot/output/build/locales.nopurge || rm -rf $langdir; fi done; done
if [ -d /home/engineer/workspace/CB_BDL/buildroot/output/target/usr/share/X11/locale ]; then for lang in C en_US; do if [ -f /home/engineer/workspace/CB_BDL/buildroot/output/target/usr/share/X11/locale/$lang/XLC_LOCALE ]; then echo "$lang/XLC_LOCALE: $lang"; fi done > /home/engineer/workspace/CB_BDL/buildroot/output/target/usr/share/X11/locale/locale.dir; fi
rm -rf /home/engineer/workspace/CB_BDL/buildroot/output/target/usr/include /home/engineer/workspace/CB_BDL/buildroot/output/target/usr/share/aclocal \
	/home/engineer/workspace/CB_BDL/buildroot/output/target/usr/lib/pkgconfig /home/engineer/workspace/CB_BDL/buildroot/output/target/usr/share/pkgconfig \
	/home/engineer/workspace/CB_BDL/buildroot/output/target/usr/lib/cmake /home/engineer/workspace/CB_BDL/buildroot/output/target/usr/share/cmake \
	/home/engineer/workspace/CB_BDL/buildroot/output/target/usr/doc
find /home/engineer/workspace/CB_BDL/buildroot/output/target/usr/{lib,share}/ -name '*.cmake' -print0 | xargs -0 rm -f
find /home/engineer/workspace/CB_BDL/buildroot/output/target/lib/ /home/engineer/workspace/CB_BDL/buildroot/output/target/usr/lib/ /home/engineer/workspace/CB_BDL/buildroot/output/target/usr/libexec/ \
	\( -name '*.a' -o -name '*.la' -o -name '*.prl' \) -print0 | xargs -0 rm -f
find: ‘/home/engineer/workspace/CB_BDL/buildroot/output/target/usr/libexec/’: No such file or directory
rm -rf /home/engineer/workspace/CB_BDL/buildroot/output/target/usr/share/gdb
rm -rf /home/engineer/workspace/CB_BDL/buildroot/output/target/usr/share/bash-completion
rm -rf /home/engineer/workspace/CB_BDL/buildroot/output/target/etc/bash_completion.d
rm -rf /home/engineer/workspace/CB_BDL/buildroot/output/target/usr/share/zsh
rm -rf /home/engineer/workspace/CB_BDL/buildroot/output/target/usr/man /home/engineer/workspace/CB_BDL/buildroot/output/target/usr/share/man
rm -rf /home/engineer/workspace/CB_BDL/buildroot/output/target/usr/info /home/engineer/workspace/CB_BDL/buildroot/output/target/usr/share/info
rm -rf /home/engineer/workspace/CB_BDL/buildroot/output/target/usr/doc /home/engineer/workspace/CB_BDL/buildroot/output/target/usr/share/doc
rm -rf /home/engineer/workspace/CB_BDL/buildroot/output/target/usr/share/gtk-doc
rmdir /home/engineer/workspace/CB_BDL/buildroot/output/target/usr/share 2>/dev/null || true
rm -rf /home/engineer/workspace/CB_BDL/buildroot/output/target/lib/debug /home/engineer/workspace/CB_BDL/buildroot/output/target/usr/lib/debug
find /home/engineer/workspace/CB_BDL/buildroot/output/target   -type f \( -perm /111 -o -name '*.so*' \) -not \( -name 'libpthread*.so*' -o -name 'ld-*.so*' -o -name '*.ko' \) -print0 | xargs -0 /home/engineer/workspace/CB_BDL/buildroot/output/host/bin/arm-buildroot-linux-uclibcgnueabihf-strip --remove-section=.comment --remove-section=.note 2>/dev/null || true
find /home/engineer/workspace/CB_BDL/buildroot/output/target   \( -name 'ld-*.so*' -o -name 'libpthread*.so*' \) -print0 | xargs -0 -r /home/engineer/workspace/CB_BDL/buildroot/output/host/bin/arm-buildroot-linux-uclibcgnueabihf-strip --remove-section=.comment --remove-section=.note --strip-debug 2>/dev/null || true
test -f /home/engineer/workspace/CB_BDL/buildroot/output/target/etc/ld.so.conf && \
	{ echo "ERROR: we shouldn't have a /etc/ld.so.conf file"; exit 1; } || true
test -d /home/engineer/workspace/CB_BDL/buildroot/output/target/etc/ld.so.conf.d && \
	{ echo "ERROR: we shouldn't have a /etc/ld.so.conf.d directory"; exit 1; } || true
mkdir -p /home/engineer/workspace/CB_BDL/buildroot/output/target/etc
( \
	echo "NAME=Buildroot"; \
	echo "VERSION=2020.11-359-gf470ce5f0d"; \
	echo "ID=buildroot"; \
	echo "VERSION_ID=2021.02-git"; \
	echo "PRETTY_NAME=\"Buildroot 2021.02-git\"" \
) >  /home/engineer/workspace/CB_BDL/buildroot/output/target/usr/lib/os-release
ln -sf ../usr/lib/os-release /home/engineer/workspace/CB_BDL/buildroot/output/target/etc
[7m>>>   Sanitizing RPATH in target tree[27m
PER_PACKAGE_DIR=/home/engineer/workspace/CB_BDL/buildroot/output/per-package /home/engineer/workspace/CB_BDL/buildroot/support/scripts/fix-rpath target
touch /home/engineer/workspace/CB_BDL/buildroot/output/target/usr
[7m>>>   Generating root filesystems common tables[27m
rm -rf /home/engineer/workspace/CB_BDL/buildroot/output/build/buildroot-fs
mkdir -p /home/engineer/workspace/CB_BDL/buildroot/output/build/buildroot-fs
printf '   \n' >> /home/engineer/workspace/CB_BDL/buildroot/output/build/buildroot-fs/full_users_table.txt
printf '   	/bin/busybox                     f 4755 0  0 - - - - -\n\n' > /home/engineer/workspace/CB_BDL/buildroot/output/build/buildroot-fs/full_devices_table.txt
cat system/device_table.txt >> /home/engineer/workspace/CB_BDL/buildroot/output/build/buildroot-fs/full_devices_table.txt
[7m>>>   Generating filesystem image rootfs.cpio[27m
mkdir -p /home/engineer/workspace/CB_BDL/buildroot/output/images
rm -rf /home/engineer/workspace/CB_BDL/buildroot/output/build/buildroot-fs/cpio
mkdir -p /home/engineer/workspace/CB_BDL/buildroot/output/build/buildroot-fs/cpio
rsync -auH --exclude=/THIS_IS_NOT_YOUR_ROOT_FILESYSTEM /home/engineer/workspace/CB_BDL/buildroot/output/target/ /home/engineer/workspace/CB_BDL/buildroot/output/build/buildroot-fs/cpio/target
echo '#!/bin/sh' > /home/engineer/workspace/CB_BDL/buildroot/output/build/buildroot-fs/cpio/fakeroot
echo "set -e" >> /home/engineer/workspace/CB_BDL/buildroot/output/build/buildroot-fs/cpio/fakeroot
echo "chown -h -R 0:0 /home/engineer/workspace/CB_BDL/buildroot/output/build/buildroot-fs/cpio/target" >> /home/engineer/workspace/CB_BDL/buildroot/output/build/buildroot-fs/cpio/fakeroot
PATH="/home/engineer/workspace/CB_BDL/buildroot/output/host/bin:/home/engineer/workspace/CB_BDL/buildroot/output/host/sbin:/usr/local/sbin:/usr/local/bin:/usr/sbin:/usr/bin:/sbin:/bin:/usr/games:/usr/local/games:/snap/bin:/home/engineer/workspace/CB_BDL/buildroot/output/host/usr/bin/" /home/engineer/workspace/CB_BDL/buildroot/support/scripts/mkusers /home/engineer/workspace/CB_BDL/buildroot/output/build/buildroot-fs/full_users_table.txt /home/engineer/workspace/CB_BDL/buildroot/output/build/buildroot-fs/cpio/target >> /home/engineer/workspace/CB_BDL/buildroot/output/build/buildroot-fs/cpio/fakeroot
echo "/home/engineer/workspace/CB_BDL/buildroot/output/host/bin/makedevs -d /home/engineer/workspace/CB_BDL/buildroot/output/build/buildroot-fs/full_devices_table.txt /home/engineer/workspace/CB_BDL/buildroot/output/build/buildroot-fs/cpio/target" >> /home/engineer/workspace/CB_BDL/buildroot/output/build/buildroot-fs/cpio/fakeroot
printf '   	if [ ! -e /home/engineer/workspace/CB_BDL/buildroot/output/build/buildroot-fs/cpio/target/init ]; then /usr/bin/install -m 0755 fs/cpio/init /home/engineer/workspace/CB_BDL/buildroot/output/build/buildroot-fs/cpio/target/init; fi\n	mkdir -p /home/engineer/workspace/CB_BDL/buildroot/output/build/buildroot-fs/cpio/target/dev\n	mknod -m 0622 /home/engineer/workspace/CB_BDL/buildroot/output/build/buildroot-fs/cpio/target/dev/console c 5 1\n' >> /home/engineer/workspace/CB_BDL/buildroot/output/build/buildroot-fs/cpio/fakeroot
printf '   \n' >> /home/engineer/workspace/CB_BDL/buildroot/output/build/buildroot-fs/cpio/fakeroot
printf '   \n' >> /home/engineer/workspace/CB_BDL/buildroot/output/build/buildroot-fs/cpio/fakeroot
printf '   	cd /home/engineer/workspace/CB_BDL/buildroot/output/build/buildroot-fs/cpio/target && find . | LC_ALL=C sort | cpio  --quiet -o -H newc > /home/engineer/workspace/CB_BDL/buildroot/output/images/rootfs.cpio\n' >> /home/engineer/workspace/CB_BDL/buildroot/output/build/buildroot-fs/cpio/fakeroot
chmod a+x /home/engineer/workspace/CB_BDL/buildroot/output/build/buildroot-fs/cpio/fakeroot
PATH="/home/engineer/workspace/CB_BDL/buildroot/output/host/bin:/home/engineer/workspace/CB_BDL/buildroot/output/host/sbin:/usr/local/sbin:/usr/local/bin:/usr/sbin:/usr/bin:/sbin:/bin:/usr/games:/usr/local/games:/snap/bin:/home/engineer/workspace/CB_BDL/buildroot/output/host/usr/bin/" FAKEROOTDONTTRYCHOWN=1 /home/engineer/workspace/CB_BDL/buildroot/output/host/bin/fakeroot -- /home/engineer/workspace/CB_BDL/buildroot/output/build/buildroot-fs/cpio/fakeroot
rootdir=/home/engineer/workspace/CB_BDL/buildroot/output/build/buildroot-fs/cpio/target
table='/home/engineer/workspace/CB_BDL/buildroot/output/build/buildroot-fs/full_devices_table.txt'
PATH="/home/engineer/workspace/CB_BDL/buildroot/output/host/bin:/home/engineer/workspace/CB_BDL/buildroot/output/host/sbin:/usr/local/sbin:/usr/local/bin:/usr/sbin:/usr/bin:/sbin:/bin:/usr/games:/usr/local/games:/snap/bin:/home/engineer/workspace/CB_BDL/buildroot/output/host/usr/bin/" gzip -9 -c -n /home/engineer/workspace/CB_BDL/buildroot/output/images/rootfs.cpio > /home/engineer/workspace/CB_BDL/buildroot/output/images/rootfs.cpio.gz
/home/engineer/workspace/CB_BDL/buildroot/output/host/bin/mkimage -A arm -T ramdisk -C none -d /home/engineer/workspace/CB_BDL/buildroot/output/images/rootfs.cpio.gz /home/engineer/workspace/CB_BDL/buildroot/output/images/rootfs.cpio.uboot
Image Name:   
Created:      Tue Jan  5 15:37:51 2021
Image Type:   ARM Linux RAMDisk Image (uncompressed)
Data Size:    1109178 Bytes = 1083.18 KiB = 1.06 MiB
Load Address: 00000000
Entry Point:  00000000
[7m>>>   Generating filesystem image rootfs.tar[27m
mkdir -p /home/engineer/workspace/CB_BDL/buildroot/output/images
rm -rf /home/engineer/workspace/CB_BDL/buildroot/output/build/buildroot-fs/tar
mkdir -p /home/engineer/workspace/CB_BDL/buildroot/output/build/buildroot-fs/tar
rsync -auH --exclude=/THIS_IS_NOT_YOUR_ROOT_FILESYSTEM /home/engineer/workspace/CB_BDL/buildroot/output/target/ /home/engineer/workspace/CB_BDL/buildroot/output/build/buildroot-fs/tar/target
echo '#!/bin/sh' > /home/engineer/workspace/CB_BDL/buildroot/output/build/buildroot-fs/tar/fakeroot
echo "set -e" >> /home/engineer/workspace/CB_BDL/buildroot/output/build/buildroot-fs/tar/fakeroot
echo "chown -h -R 0:0 /home/engineer/workspace/CB_BDL/buildroot/output/build/buildroot-fs/tar/target" >> /home/engineer/workspace/CB_BDL/buildroot/output/build/buildroot-fs/tar/fakeroot
PATH="/home/engineer/workspace/CB_BDL/buildroot/output/host/bin:/home/engineer/workspace/CB_BDL/buildroot/output/host/sbin:/usr/local/sbin:/usr/local/bin:/usr/sbin:/usr/bin:/sbin:/bin:/usr/games:/usr/local/games:/snap/bin:/home/engineer/workspace/CB_BDL/buildroot/output/host/usr/bin/" /home/engineer/workspace/CB_BDL/buildroot/support/scripts/mkusers /home/engineer/workspace/CB_BDL/buildroot/output/build/buildroot-fs/full_users_table.txt /home/engineer/workspace/CB_BDL/buildroot/output/build/buildroot-fs/tar/target >> /home/engineer/workspace/CB_BDL/buildroot/output/build/buildroot-fs/tar/fakeroot
echo "/home/engineer/workspace/CB_BDL/buildroot/output/host/bin/makedevs -d /home/engineer/workspace/CB_BDL/buildroot/output/build/buildroot-fs/full_devices_table.txt /home/engineer/workspace/CB_BDL/buildroot/output/build/buildroot-fs/tar/target" >> /home/engineer/workspace/CB_BDL/buildroot/output/build/buildroot-fs/tar/fakeroot
printf '   \n' >> /home/engineer/workspace/CB_BDL/buildroot/output/build/buildroot-fs/tar/fakeroot
printf '   \n' >> /home/engineer/workspace/CB_BDL/buildroot/output/build/buildroot-fs/tar/fakeroot
printf '   	(cd /home/engineer/workspace/CB_BDL/buildroot/output/build/buildroot-fs/tar/target; find -print0 | LC_ALL=C sort -z | tar  --pax-option=exthdr.name=%%d/PaxHeaders/%%f,atime:=0,ctime:=0 -cf /home/engineer/workspace/CB_BDL/buildroot/output/images/rootfs.tar --null --xattrs-include='\''*'\'' --no-recursion -T - --numeric-owner)\n' >> /home/engineer/workspace/CB_BDL/buildroot/output/build/buildroot-fs/tar/fakeroot
chmod a+x /home/engineer/workspace/CB_BDL/buildroot/output/build/buildroot-fs/tar/fakeroot
PATH="/home/engineer/workspace/CB_BDL/buildroot/output/host/bin:/home/engineer/workspace/CB_BDL/buildroot/output/host/sbin:/usr/local/sbin:/usr/local/bin:/usr/sbin:/usr/bin:/sbin:/bin:/usr/games:/usr/local/games:/snap/bin:/home/engineer/workspace/CB_BDL/buildroot/output/host/usr/bin/" FAKEROOTDONTTRYCHOWN=1 /home/engineer/workspace/CB_BDL/buildroot/output/host/bin/fakeroot -- /home/engineer/workspace/CB_BDL/buildroot/output/build/buildroot-fs/tar/fakeroot
rootdir=/home/engineer/workspace/CB_BDL/buildroot/output/build/buildroot-fs/tar/target
table='/home/engineer/workspace/CB_BDL/buildroot/output/build/buildroot-fs/full_devices_table.txt'
[7m>>>   Executing post-image script board/zynq/post-image.sh[27m
board/zynq/genimage.cfg:26: no sub-section title/index for 'config'
INFO: cmd: "mkdir -p "/home/engineer/workspace/CB_BDL/buildroot/output/build/genimage.tmp"" (stderr):
INFO: cmd: "rm -rf "/home/engineer/workspace/CB_BDL/buildroot/output/build/genimage.tmp"/*" (stderr):
INFO: cmd: "mkdir -p "/home/engineer/workspace/CB_BDL/buildroot/output/build/genimage.tmp"" (stderr):
INFO: cmd: "cp -a "/tmp/tmp.0WbTBUBzE6" "/home/engineer/workspace/CB_BDL/buildroot/output/build/genimage.tmp/root"" (stderr):
INFO: cmd: "find '/home/engineer/workspace/CB_BDL/buildroot/output/build/genimage.tmp/root' -depth -type d -printf '%P\0' | xargs -0 -I {} touch -r '/tmp/tmp.0WbTBUBzE6/{}' '/home/engineer/workspace/CB_BDL/buildroot/output/build/genimage.tmp/root/{}'" (stderr):
INFO: cmd: "mkdir -p "/home/engineer/workspace/CB_BDL/buildroot/output/images"" (stderr):
INFO: vfat(boot.vfat): cmd: "dd if=/dev/zero of="/home/engineer/workspace/CB_BDL/buildroot/output/images/boot.vfat" seek=33554432 count=0 bs=1 2>/dev/null" (stderr):
INFO: vfat(boot.vfat): cmd: "mkdosfs   '/home/engineer/workspace/CB_BDL/buildroot/output/images/boot.vfat'" (stderr):
INFO: vfat(boot.vfat): adding file 'rootfs.cpio.uboot' as 'uramdisk.image.gz' ...
INFO: vfat(boot.vfat): cmd: "MTOOLS_SKIP_CHECK=1 mcopy -bsp -i '/home/engineer/workspace/CB_BDL/buildroot/output/images/boot.vfat' '/home/engineer/workspace/CB_BDL/buildroot/output/images/rootfs.cpio.uboot' '::uramdisk.image.gz'" (stderr):
INFO: vfat(boot.vfat): adding file 'boot.bin' as 'boot.bin' ...
INFO: vfat(boot.vfat): cmd: "MTOOLS_SKIP_CHECK=1 mcopy -bsp -i '/home/engineer/workspace/CB_BDL/buildroot/output/images/boot.vfat' '/home/engineer/workspace/CB_BDL/buildroot/output/images/boot.bin' '::'" (stderr):
INFO: vfat(boot.vfat): adding file 'u-boot.img' as 'u-boot.img' ...
INFO: vfat(boot.vfat): cmd: "MTOOLS_SKIP_CHECK=1 mcopy -bsp -i '/home/engineer/workspace/CB_BDL/buildroot/output/images/boot.vfat' '/home/engineer/workspace/CB_BDL/buildroot/output/images/u-boot.img' '::'" (stderr):
INFO: vfat(boot.vfat): adding file 'devicetree.dtb' as 'devicetree.dtb' ...
INFO: vfat(boot.vfat): cmd: "MTOOLS_SKIP_CHECK=1 mcopy -bsp -i '/home/engineer/workspace/CB_BDL/buildroot/output/images/boot.vfat' '/home/engineer/workspace/CB_BDL/buildroot/output/images/devicetree.dtb' '::'" (stderr):
INFO: vfat(boot.vfat): adding file 'uImage' as 'uImage' ...
INFO: vfat(boot.vfat): cmd: "MTOOLS_SKIP_CHECK=1 mcopy -bsp -i '/home/engineer/workspace/CB_BDL/buildroot/output/images/boot.vfat' '/home/engineer/workspace/CB_BDL/buildroot/output/images/uImage' '::'" (stderr):
INFO: hdimage(sdcard.img): adding partition 'boot' (in MBR) from 'boot.vfat' ...
INFO: hdimage(sdcard.img): writing MBR
